INFO:root:Elapsed time to download bam : /bam/HG03006.mapped.ILLUMINA.bwa.BEB.low_coverage.20130415.bam = 1.19209289551e-06
INFO:root:Elapsed time to download bam : /bam/HG03007.mapped.ILLUMINA.bwa.BEB.low_coverage.20130415.bam = 1.19209289551e-06
INFO:root:Elapsed time to download bam : /bams/HG03009.mapped.ILLUMINA.bwa.BEB.low_coverage.20121211.bam = 2.14576721191e-06
INFO:root:Elapsed time to download bam : /bams/HG03006.mapped.ILLUMINA.bwa.BEB.low_coverage.20130415.bam = 1.19209289551e-06
INFO:root:Elapsed time to download bam : /bams/HG03006.mapped.ILLUMINA.bwa.BEB.low_coverage.20130415.bam = 9.53674316406e-07
INFO:root:Elapsed time to download bam : /bams/HG03007.mapped.ILLUMINA.bwa.BEB.low_coverage.20130415.bam = 2.14576721191e-06
INFO:root:Elapsed time to download bam : /bams/HG03006.mapped.ILLUMINA.bwa.BEB.low_coverage.20130415.bam = 2.14576721191e-06
INFO:root:Elapsed time to download bam : /bams/HG03006.mapped.ILLUMINA.bwa.BEB.low_coverage.20130415.bam = 9.53674316406e-07
INFO:root:Elapsed time to get positions of reads from bam file : /bams/HG03006.mapped.ILLUMINA.bwa.BEB.low_coverage.20130415.bam = 1.90734863281e-06
INFO:root:Elapsed time to download bam : /bams/HG03007.mapped.ILLUMINA.bwa.BEB.low_coverage.20130415.bam = 1.19209289551e-06
INFO:root:Elapsed time to get positions of reads from bam file : /bams/HG03007.mapped.ILLUMINA.bwa.BEB.low_coverage.20130415.bam = 2.14576721191e-06
INFO:root:Elapsed time to download bam : /bams/HG03006.mapped.ILLUMINA.bwa.BEB.low_coverage.20130415.bam = 9.53674316406e-07
INFO:root:Elapsed time to get positions of reads from bam file : /bams/HG03006.mapped.ILLUMINA.bwa.BEB.low_coverage.20130415.bam = 9.53674316406e-07
INFO:root:Elapsed time to download bam : /bams/HG03006.mapped.ILLUMINA.bwa.BEB.low_coverage.20130415.bam = 2.14576721191e-06
INFO:root:Elapsed time to get positions of reads from bam file : /bams/HG03006.mapped.ILLUMINA.bwa.BEB.low_coverage.20130415.bam = 9.53674316406e-07
INFO:root:Elapsed time to download bam : /bams/HG03006.mapped.ILLUMINA.bwa.BEB.low_coverage.20130415.bam = 9.53674316406e-07
INFO:root:Elapsed time to get positions of reads from bam file : /bams/HG03006.mapped.ILLUMINA.bwa.BEB.low_coverage.20130415.bam = 1.90734863281e-06
INFO:root:Elapsed time to download bam : /bams/HG03006.mapped.ILLUMINA.bwa.BEB.low_coverage.20130415.bam = 9.53674316406e-07
INFO:root:Elapsed time to get positions of reads from bam file : /bams/HG03006.mapped.ILLUMINA.bwa.BEB.low_coverage.20130415.bam = 9.53674316406e-07
INFO:root:Elapsed time to download bam : /bams/HG03007.mapped.ILLUMINA.bwa.BEB.low_coverage.20130415.bam = 9.53674316406e-07
INFO:root:Elapsed time to get positions of reads from bam file : /bams/HG03007.mapped.ILLUMINA.bwa.BEB.low_coverage.20130415.bam = 9.53674316406e-07
INFO:root:File Size 33358660023
INFO:root:File Size 33358660023
INFO:root:Elapsed time to download bam : /bams/HG03006.mapped.ILLUMINA.bwa.BEB.low_coverage.20130415.bam = 3818.09847713
INFO:root:File Size 33358660023
INFO:root:Elapsed time to download bam : /bams/HG03006.mapped.ILLUMINA.bwa.BEB.low_coverage.20130415.bam = 3975.40705204
INFO:root:File Size 33358660023
INFO:root:Elapsed time to download bam : /bams/HG03006.mapped.ILLUMINA.bwa.BEB.low_coverage.20130415.bam = 3821.67436218
INFO:root:Elapsed time to get positions of reads from bam file : /bams/HG03006.mapped.ILLUMINA.bwa.BEB.low_coverage.20130415.bam = 49071.5987952
INFO:root:Full elapsed time for file : /bams/HG03006.mapped.ILLUMINA.bwa.BEB.low_coverage.20130415.bam  = 883.804414201
INFO:root:File Size 40232611481
INFO:root:Elapsed time to download bam : /bams/HG03007.mapped.ILLUMINA.bwa.BEB.low_coverage.20130415.bam = 5529.84441686
